<DOC>
<DOCNO>doc1</DOCNO>
<TEXT>>des entités non codées&lt;>
</TEXT>
<TEXT>
d'autres &gt; choses &amp;
</TEXT>
</DOC>
