<!--
SPDX-FileCopyrightText: 2022 CEA LIST <gael.de-chalendar@cea.fr>

SPDX-License-Identifier: MIT
-->

<DOC>
<DOCNO>doc1</DOCNO>
<TEXT>>des entités non codées&lt;>
</TEXT>
<TEXT>
d'autres &gt; choses &amp;
</TEXT>
</DOC>
