<!--
SPDX-FileCopyrightText: 2022 CEA LIST <gael.de-chalendar@cea.fr>

SPDX-License-Identifier: MIT
-->

<DOC>
<DOCNO>doc1</DOCNO>
<TEXT>
&lt;du texte &lt; des mots &gt; &amp; dans le document &amp;
et plein des caract√®res &gt;XML&lt;
</TEXT>
</DOC>
