<DOCSET>
<DOC>
<DOCNO>doc1</DOCNO>
<BODY>>des entités non codées&lt;>
</BODY>
<BODY>
d'autres &gt; choses &amp;
</BODY>
</DOC>
</DOCSET>
