<DOCSET>
<DOC>
<DOCNO>doc1</DOCNO>
<BODY>
&lt;du texte &lt; des mots &gt; &amp; dans le document &amp;
et plein des caract√®res &gt;XML&lt;
</BODY>
</DOC>
</DOCSET>
