<?xml version='1.0' encoding='UTF-8'?>
<testcases>
<testcase type="blocking">
  <call-parameters>
      <param key="text" value="The marsupilami is a mythical animal. "/>
      <param key="language" value="eng.ud"/>
      <list key="pipelines">
        <item value="indexer"/>
      </list>
    </call-parameters>
  <expl>un mot inconnu marsupilami de type mot minuscule</expl>
  <test trace=".tokenizer.xml"
    comment="Après Tokenizer, vérifier que marsupilami est qualifié en t_small"
    left="XPATH#//data_structure/vertex/token[position=5]/t_status/t_default"
    operator="="
    right="t_small"/>
  <test trace=".default.xml"
    comment="le token marsupilami (5-11) doit avoir nc dans la liste des catégories"
    left="XPATH#//data_structure/vertex[token/position=5]/data/unknown_word//property/p[@prop='MACRO']/@val"
    operator="contains"
    right="NOUN"/>
</testcase>
<testcase type="blocking">
  <call-parameters>
      <param key="text" value="Mopti is a lovely city.  "/>
      <param key="language" value="eng.ud"/>
      <list key="pipelines">
        <item value="indexer"/>
      </list>
    </call-parameters>
  <expl>nom propre inconnu en tête de phrase</expl>
  <test trace=".default.xml"
    comment="Mopti a NP parmis ses categories par defaut"
    left="XPATH#//data_structure/vertex[token/position=1]/data/unknown_word//property/p[@prop='MACRO']/@val"
    operator="contains"
    right="PROPN"/>
  <test trace=".default.xml"
    comment="Mopti is normalized in itself"
    left="XPATH#//data_structure/vertex[token/position=1]/data/unknown_word/form/@lemma"
    operator="contains"
    right="Mopti"/>
</testcase>
<testcase type="blocking">
  <call-parameters>
      <param key="text" value="We will visit mopti. "/>
      <param key="language" value="eng.ud"/>
      <list key="pipelines">
        <item value="indexer"/>
      </list>
    </call-parameters>
  <expl>Unknown proper noun without its uppercase first letter.</expl>
  <test trace=".default.xml"
    comment="mopti a NOUN parmis ses categories par defaut"
    left="XPATH#//data_structure/vertex[token/position=15]/data/unknown_word//property/p[@prop='MACRO']/@val"
    operator="contains"
    right="NOUN"/>
</testcase>
<testcase type="blocking">
  <call-parameters>
      <param key="text" value="We paid 24,99 euros."/>
      <param key="language" value="eng.ud"/>
      <list key="pipelines">
        <item value="indexer"/>
      </list>
    </call-parameters>
  <expl> 24,99 reçoit la categorie num card</expl>
  <test trace=".default.xml"
    comment="The lemma of the token with a comma is the token itself"
    left="XPATH#//data_structure/vertex[token/position=9]/data/unknown_word/form/@lemma"
    operator="="
    right="24,99"/>
  <test trace=".default.xml"
    comment="24,99 a la categorie num card"
    left="XPATH#//data_structure/vertex[token[position=9][length=5]]/data/unknown_word//property/p[@prop='MICRO']/@val"
    operator="contains"
    right="NUM-NumType=Card"/>
</testcase>
<testcase type="blocking">
  <call-parameters>
      <param key="text" value="He's working for EURITRACK."/>
      <param key="language" value="eng.ud"/>
      <list key="pipelines">
        <item value="indexer"/>
      </list>
    </call-parameters>
  <expl> EURITRACK est un mot inconnu, doit être normalisé 'euritrack'</expl>
  <test trace=".default.xml"
    comment="normalisation de EURITRACK"
    left="XPATH#//data_structure/vertex[token/position=18]/data/unknown_word/form/@lemma"
    operator="contains"
    right="euritrack"/>
</testcase>
<testcase type="blocking">
  <call-parameters>
      <param key="text" value="He's working for E.U.R.I.T.R.A.C.K."/>
      <param key="language" value="eng.ud"/>
      <list key="pipelines">
        <item value="indexer"/>
      </list>
    </call-parameters>
  <expl> EURITRACK est un mot inconnu, doit être normalisé 'euritrack'</expl>
  <test trace=".default.xml"
    comment="normalisation de EURITRACK"
    left="XPATH#//data_structure/vertex[token/position=18]/data/unknown_word/form/@lemma"
    operator="="
    right="euritrack"/>
</testcase>
<testcase type="blocking">
  <call-parameters>
      <param key="text" value="We paid 24.99 euros."/>
      <param key="language" value="eng.ud"/>
      <list key="pipelines">
        <item value="indexer"/>
      </list>
    </call-parameters>
  <expl> 24.99 reçoit la categorie num card</expl>
  <test trace=".default.xml"
    comment="The lemma of a dot number token is the token itself"
    left="XPATH#//data_structure/vertex[token/position=9]/data/unknown_word/form/@lemma"
    operator="="
    right="24.99"/>
  <test trace=".default.xml"
    comment="24.99 a la categorie num card"
    left="XPATH#//data_structure/vertex[token[position=9][length=5]]/data/unknown_word//property/p[@prop='MICRO']/@val"
    operator="contains"
    right="NUM-NumType=Card"/>
</testcase>
<testcase type="blocking">
  <call-parameters>
      <param key="text" value="I ate at least 2/3."/>
      <param key="language" value="eng.ud"/>
      <list key="pipelines">
        <item value="indexer"/>
      </list>
    </call-parameters>
  <expl> proprietes par defaut de 2/3</expl>
  <test trace=".default.xml"
    comment="2/3 a la categorie nc num card"
    left="XPATH#//data_structure/vertex[token[position=16][length=3]]/data//property/p[@prop='MICRO']/@val"
    operator="contains"
    right="NUM-NumType=Card"/>
</testcase>
<!-- 2:34:45 is tokenized in 5 tokens and handled as a named entity -->
<!--<testcase type="informative">
  <call-parameters>
      <param key="text" value="Execution time: 2:34:45"/>
      <param key="language" value="eng.ud"/>
      <list key="pipelines">
        <item value="indexer"/>
      </list>
    </call-parameters>
  <expl>contexte similaire au test avec date</expl>
  <test trace=".default.xml"
    comment="token 2:34:45 (alphanumeric) doit avoir "
    left="XPATH#//data_structure/vertex[token[position=17][length=7]]/data//property/p[@prop='MACRO']/@val"
    operator="contains"
    right="NUM"/>
</testcase>-->
<testcase type="blocking">
  <call-parameters>
      <param key="text" value="The XVth arrondissement is my favorite. "/>
      <param key="language" value="eng.ud"/>
      <list key="pipelines">
        <item value="indexer"/>
      </list>
    </call-parameters>
  <expl>nombre romain ordinal</expl>
  <test trace=".default.xml"
    comment="le token XVème doit être de type t_ordinal_roman"
    left="XPATH#//data_structure/vertex[token/position=5]/data//property/p[@prop='MICRO']/@val"
    operator="contains"
    right="NUM-NumType=Card"/>
</testcase>
<testcase type="blocking">
  <call-parameters>
      <param key="text" value="Chapter XIII is very interesting. "/>
      <param key="language" value="eng.ud"/>
      <list key="pipelines">
        <item value="indexer"/>
      </list>
    </call-parameters>
  <expl>nombre romain cardinal</expl>
  <test trace=".default.xml"
    comment="le token XIII doit être de type t_cardinal_roman"
    left="XPATH#//data_structure/vertex[token/position=9]/data//property/p[@prop='MICRO']/@val"
    operator="contains"
    right="NUM-NumType=Card"/>
</testcase>
<testcase type="blocking">
  <call-parameters>
      <param key="text" value="The A380 is 3m55 long."/>
      <param key="language" value="eng.ud"/>
      <list key="pipelines">
        <item value="indexer"/>
      </list>
    </call-parameters>
  <expl>tokens with letters and numbers should be normalized by themselves with lower case letters</expl>
  <test trace=".default.xml"
    comment="normalisation of  A380"
    left="XPATH#//data_structure/vertex[token/position=5]/data/unknown_word/form/@lemma"
    operator="="
    right="a380"/>
  <test trace=".default.xml"
    comment="normalisation of 3m55"
    left="XPATH#//data_structure/vertex[token/position=13]/data/unknown_word/form/@lemma"
    operator="="
    right="3m55"/>
</testcase>
<testcase type="blocking">
  <expl>The negative numbers in digits -27 and -25 must be normalized into themselves.</expl>
  <call-parameters>
    <param key="text" value="-27 millions or -25 millions."/>
    <param key="language" value="eng.ud"/>
    <list key="pipelines">
      <item value="indexer"/>
    </list>
  </call-parameters>
  <test trace=".default.xml"
      comment="-27 must be normalized in itself."
      left="XPATH#//data_structure/vertex[token/position=1]/data/unknown_word/form/@norm"
      operator="="
      right="-27"/>
  <test trace=".default.xml"
      comment="-25 must be normalized in itself."
      left="XPATH#//data_structure/vertex[token/position=17]/data/unknown_word/form/@norm"
      operator="="
      right="-25"/>
</testcase>
</testcases>
